# JRE version: Java(TM) SE Runtime Environment (21.0.3+7) (build 21.0.3+7-LTS-152)
# Java VM: Java HotSpot(TM) 64-Bit Server VM (21.0.3+7-LTS-152, mixed mode, sharing, tiered, compressed oops, compressed class ptrs, g1 gc, windows-amd64)
GC Precious Log:
 CardTable entry size: 512
 Card Set container configuration: InlinePtr #cards 5 size 8 Array Of Cards #cards 12 size 40 Howl #buckets 4 coarsen threshold 1843 Howl Bitmap #cards 512 size 80 coarsen threshold 460 Card regions per heap region 1 cards per card region 2048
 CPUs: 8 total, 8 available
 Memory: 3982M
 Large Page Support: Disabled
 NUMA Support: Disabled
 Compressed Oops: Enabled (32-bit)
 Heap Region Size: 1M
 Heap Min Capacity: 8M
 Heap Initial Capacity: 64M
 Heap Max Capacity: 996M
 Pre-touch: Disabled
 Parallel Workers: 8
 Concurrent Workers: 2
 Concurrent Refinement Workers: 8
 Periodic GC: Disabled
Heap:
 garbage-first heap   total 120832K, used 65806K [0x00000000c1c00000, 0x0000000100000000)
  region size 1024K, 7 young (7168K), 4 survivors (4096K)
 Metaspace       used 35941K, committed 36544K, reserved 1114112K
  class space    used 3995K, committed 4224K, reserved 1048576K
GC Heap History (20 events):
Event: 8.981 GC heap before
{Heap before GC invocations=8 (full 0):
 garbage-first heap   total 75776K, used 64068K [0x00000000c1c00000, 0x0000000100000000)
  region size 1024K, 44 young (45056K), 4 survivors (4096K)
 Metaspace       used 26685K, committed 27136K, reserved 1114112K
  class space    used 2990K, committed 3200K, reserved 1048576K
}
Event: 9.009 GC heap after
{Heap after GC invocations=9 (full 0):
 garbage-first heap   total 88064K, used 42344K [0x00000000c1c00000, 0x0000000100000000)
  region size 1024K, 6 young (6144K), 6 survivors (6144K)
 Metaspace       used 26685K, committed 27136K, reserved 1114112K
  class space    used 2990K, committed 3200K, reserved 1048576K
}
Event: 9.343 GC heap before
{Heap before GC invocations=9 (full 0):
 garbage-first heap   total 88064K, used 72040K [0x00000000c1c00000, 0x0000000100000000)
  region size 1024K, 34 young (34816K), 6 survivors (6144K)
 Metaspace       used 27158K, committed 27520K, reserved 1114112K
  class space    used 3048K, committed 3200K, reserved 1048576K
}
Event: 9.361 GC heap after
{Heap after GC invocations=10 (full 0):
 garbage-first heap   total 88064K, used 48500K [0x00000000c1c00000, 0x0000000100000000)
  region size 1024K, 5 young (5120K), 5 survivors (5120K)
 Metaspace       used 27158K, committed 27520K, reserved 1114112K
  class space    used 3048K, committed 3200K, reserved 1048576K
}
Event: 10.126 GC heap before
{Heap before GC invocations=10 (full 0):
 garbage-first heap   total 88064K, used 72052K [0x00000000c1c00000, 0x0000000100000000)
  region size 1024K, 29 young (29696K), 5 survivors (5120K)
 Metaspace       used 28307K, committed 28736K, reserved 1114112K
  class space    used 3184K, committed 3328K, reserved 1048576K
}
Event: 10.142 GC heap after
{Heap after GC invocations=11 (full 0):
 garbage-first heap   total 88064K, used 51939K [0x00000000c1c00000, 0x0000000100000000)
  region size 1024K, 3 young (3072K), 3 survivors (3072K)
 Metaspace       used 28307K, committed 28736K, reserved 1114112K
  class space    used 3184K, committed 3328K, reserved 1048576K
}
Event: 10.927 GC heap before
{Heap before GC invocations=12 (full 0):
 garbage-first heap   total 91136K, used 74467K [0x00000000c1c00000, 0x0000000100000000)
  region size 1024K, 26 young (26624K), 3 survivors (3072K)
 Metaspace       used 30133K, committed 30464K, reserved 1114112K
  class space    used 3392K, committed 3520K, reserved 1048576K
}
Event: 10.942 GC heap after
{Heap after GC invocations=13 (full 0):
 garbage-first heap   total 91136K, used 53649K [0x00000000c1c00000, 0x0000000100000000)
  region size 1024K, 2 young (2048K), 2 survivors (2048K)
 Metaspace       used 30133K, committed 30464K, reserved 1114112K
  class space    used 3392K, committed 3520K, reserved 1048576K
}
Event: 12.040 GC heap before
{Heap before GC invocations=13 (full 0):
 garbage-first heap   total 91136K, used 82321K [0x00000000c1c00000, 0x0000000100000000)
  region size 1024K, 27 young (27648K), 2 survivors (2048K)
 Metaspace       used 31100K, committed 31616K, reserved 1114112K
  class space    used 3502K, committed 3712K, reserved 1048576K
}
Event: 12.089 GC heap after
{Heap after GC invocations=14 (full 0):
 garbage-first heap   total 94208K, used 60276K [0x00000000c1c00000, 0x0000000100000000)
  region size 1024K, 4 young (4096K), 4 survivors (4096K)
 Metaspace       used 31100K, committed 31616K, reserved 1114112K
  class space    used 3502K, committed 3712K, reserved 1048576K
}
Event: 12.198 GC heap before
{Heap before GC invocations=14 (full 0):
 garbage-first heap   total 94208K, used 66420K [0x00000000c1c00000, 0x0000000100000000)
  region size 1024K, 11 young (11264K), 4 survivors (4096K)
 Metaspace       used 31119K, committed 31616K, reserved 1114112K
  class space    used 3502K, committed 3712K, reserved 1048576K
}
Event: 12.207 GC heap after
{Heap after GC invocations=15 (full 0):
 garbage-first heap   total 120832K, used 62342K [0x00000000c1c00000, 0x0000000100000000)
  region size 1024K, 3 young (3072K), 3 survivors (3072K)
 Metaspace       used 31119K, committed 31616K, reserved 1114112K
  class space    used 3502K, committed 3712K, reserved 1048576K
}
Event: 12.424 GC heap before
{Heap before GC invocations=16 (full 0):
 garbage-first heap   total 120832K, used 95110K [0x00000000c1c00000, 0x0000000100000000)
  region size 1024K, 34 young (34816K), 3 survivors (3072K)
 Metaspace       used 31124K, committed 31616K, reserved 1114112K
  class space    used 3502K, committed 3712K, reserved 1048576K
}
Event: 12.438 GC heap after
{Heap after GC invocations=17 (full 0):
 garbage-first heap   total 120832K, used 75124K [0x00000000c1c00000, 0x0000000100000000)
  region size 1024K, 5 young (5120K), 5 survivors (5120K)
 Metaspace       used 31124K, committed 31616K, reserved 1114112K
  class space    used 3502K, committed 3712K, reserved 1048576K
}
Event: 13.400 GC heap before
{Heap before GC invocations=17 (full 0):
 garbage-first heap   total 120832K, used 97652K [0x00000000c1c00000, 0x0000000100000000)
  region size 1024K, 28 young (28672K), 5 survivors (5120K)
 Metaspace       used 31620K, committed 32064K, reserved 1114112K
  class space    used 3550K, committed 3712K, reserved 1048576K
}
Event: 13.433 GC heap after
{Heap after GC invocations=18 (full 0):
 garbage-first heap   total 120832K, used 67444K [0x00000000c1c00000, 0x0000000100000000)
  region size 1024K, 4 young (4096K), 4 survivors (4096K)
 Metaspace       used 31620K, committed 32064K, reserved 1114112K
  class space    used 3550K, committed 3712K, reserved 1048576K
}
Event: 14.462 GC heap before
{Heap before GC invocations=18 (full 0):
 garbage-first heap   total 120832K, used 96116K [0x00000000c1c00000, 0x0000000100000000)
  region size 1024K, 33 young (33792K), 4 survivors (4096K)
 Metaspace       used 32831K, committed 33344K, reserved 1114112K
  class space    used 3664K, committed 3840K, reserved 1048576K
}
Event: 14.476 GC heap after
{Heap after GC invocations=19 (full 0):
 garbage-first heap   total 120832K, used 61638K [0x00000000c1c00000, 0x0000000100000000)
  region size 1024K, 2 young (2048K), 2 survivors (2048K)
 Metaspace       used 32831K, committed 33344K, reserved 1114112K
  class space    used 3664K, committed 3840K, reserved 1048576K
}
Event: 16.486 GC heap before
{Heap before GC invocations=19 (full 0):
 garbage-first heap   total 120832K, used 94406K [0x00000000c1c00000, 0x0000000100000000)
  region size 1024K, 34 young (34816K), 2 survivors (2048K)
 Metaspace       used 35723K, committed 36288K, reserved 1114112K
  class space    used 3961K, committed 4224K, reserved 1048576K
}
Event: 16.497 GC heap after
{Heap after GC invocations=20 (full 0):
 garbage-first heap   total 120832K, used 63758K [0x00000000c1c00000, 0x0000000100000000)
  region size 1024K, 4 young (4096K), 4 survivors (4096K)
 Metaspace       used 35723K, committed 36288K, reserved 1114112K
  class space    used 3961K, committed 4224K, reserved 1048576K
}

