# JRE version: Java(TM) SE Runtime Environment (21.0.3+7) (build 21.0.3+7-LTS-152)
# Java VM: Java HotSpot(TM) 64-Bit Server VM (21.0.3+7-LTS-152, mixed mode, sharing, tiered, compressed oops, compressed class ptrs, g1 gc, windows-amd64)
GC Precious Log:
 CardTable entry size: 512
 Card Set container configuration: InlinePtr #cards 5 size 8 Array Of Cards #cards 12 size 40 Howl #buckets 4 coarsen threshold 1843 Howl Bitmap #cards 512 size 80 coarsen threshold 460 Card regions per heap region 1 cards per card region 2048
 CPUs: 8 total, 8 available
 Memory: 3982M
 Large Page Support: Disabled
 NUMA Support: Disabled
 Compressed Oops: Enabled (32-bit)
 Heap Region Size: 1M
 Heap Min Capacity: 8M
 Heap Initial Capacity: 64M
 Heap Max Capacity: 996M
 Pre-touch: Disabled
 Parallel Workers: 8
 Concurrent Workers: 2
 Concurrent Refinement Workers: 8
 Periodic GC: Disabled
Heap:
 garbage-first heap   total 61440K, used 28076K [0x00000000c1c00000, 0x0000000100000000)
  region size 1024K, 15 young (15360K), 2 survivors (2048K)
 Metaspace       used 22046K, committed 22592K, reserved 1114112K
  class space    used 2591K, committed 2816K, reserved 1048576K
GC Heap History (14 events):
Event: 0.861 GC heap before
{Heap before GC invocations=0 (full 0):
 garbage-first heap   total 65536K, used 24576K [0x00000000c1c00000, 0x0000000100000000)
  region size 1024K, 23 young (23552K), 0 survivors (0K)
 Metaspace       used 3512K, committed 3648K, reserved 1114112K
  class space    used 322K, committed 384K, reserved 1048576K
}
Event: 0.869 GC heap after
{Heap after GC invocations=1 (full 0):
 garbage-first heap   total 65536K, used 8864K [0x00000000c1c00000, 0x0000000100000000)
  region size 1024K, 3 young (3072K), 3 survivors (3072K)
 Metaspace       used 3512K, committed 3648K, reserved 1114112K
  class space    used 322K, committed 384K, reserved 1048576K
}
Event: 1.274 GC heap before
{Heap before GC invocations=1 (full 0):
 garbage-first heap   total 65536K, used 35488K [0x00000000c1c00000, 0x0000000100000000)
  region size 1024K, 29 young (29696K), 3 survivors (3072K)
 Metaspace       used 5413K, committed 5568K, reserved 1114112K
  class space    used 474K, committed 576K, reserved 1048576K
}
Event: 1.282 GC heap after
{Heap after GC invocations=2 (full 0):
 garbage-first heap   total 65536K, used 10875K [0x00000000c1c00000, 0x0000000100000000)
  region size 1024K, 2 young (2048K), 2 survivors (2048K)
 Metaspace       used 5413K, committed 5568K, reserved 1114112K
  class space    used 474K, committed 576K, reserved 1048576K
}
Event: 2.282 GC heap before
{Heap before GC invocations=2 (full 0):
 garbage-first heap   total 65536K, used 42619K [0x00000000c1c00000, 0x0000000100000000)
  region size 1024K, 33 young (33792K), 2 survivors (2048K)
 Metaspace       used 9173K, committed 9536K, reserved 1114112K
  class space    used 910K, committed 1088K, reserved 1048576K
}
Event: 2.293 GC heap after
{Heap after GC invocations=3 (full 0):
 garbage-first heap   total 65536K, used 11838K [0x00000000c1c00000, 0x0000000100000000)
  region size 1024K, 3 young (3072K), 3 survivors (3072K)
 Metaspace       used 9173K, committed 9536K, reserved 1114112K
  class space    used 910K, committed 1088K, reserved 1048576K
}
Event: 3.259 GC heap before
{Heap before GC invocations=3 (full 0):
 garbage-first heap   total 65536K, used 46654K [0x00000000c1c00000, 0x0000000100000000)
  region size 1024K, 38 young (38912K), 3 survivors (3072K)
 Metaspace       used 10746K, committed 11072K, reserved 1114112K
  class space    used 1071K, committed 1216K, reserved 1048576K
}
Event: 3.268 GC heap after
{Heap after GC invocations=4 (full 0):
 garbage-first heap   total 65536K, used 12802K [0x00000000c1c00000, 0x0000000100000000)
  region size 1024K, 4 young (4096K), 4 survivors (4096K)
 Metaspace       used 10746K, committed 11072K, reserved 1114112K
  class space    used 1071K, committed 1216K, reserved 1048576K
}
Event: 3.743 GC heap before
{Heap before GC invocations=4 (full 0):
 garbage-first heap   total 65536K, used 47618K [0x00000000c1c00000, 0x0000000100000000)
  region size 1024K, 38 young (38912K), 4 survivors (4096K)
 Metaspace       used 13050K, committed 13376K, reserved 1114112K
  class space    used 1343K, committed 1472K, reserved 1048576K
}
Event: 3.746 GC heap after
{Heap after GC invocations=5 (full 0):
 garbage-first heap   total 65536K, used 12555K [0x00000000c1c00000, 0x0000000100000000)
  region size 1024K, 2 young (2048K), 2 survivors (2048K)
 Metaspace       used 13050K, committed 13376K, reserved 1114112K
  class space    used 1343K, committed 1472K, reserved 1048576K
}
Event: 5.726 GC heap before
{Heap before GC invocations=5 (full 0):
 garbage-first heap   total 65536K, used 48395K [0x00000000c1c00000, 0x0000000100000000)
  region size 1024K, 38 young (38912K), 2 survivors (2048K)
 Metaspace       used 17702K, committed 18176K, reserved 1114112K
  class space    used 1930K, committed 2112K, reserved 1048576K
}
Event: 5.733 GC heap after
{Heap after GC invocations=6 (full 0):
 garbage-first heap   total 65536K, used 15752K [0x00000000c1c00000, 0x0000000100000000)
  region size 1024K, 5 young (5120K), 5 survivors (5120K)
 Metaspace       used 17702K, committed 18176K, reserved 1114112K
  class space    used 1930K, committed 2112K, reserved 1048576K
}
Event: 6.757 GC heap before
{Heap before GC invocations=6 (full 0):
 garbage-first heap   total 65536K, used 43400K [0x00000000c1c00000, 0x0000000100000000)
  region size 1024K, 33 young (33792K), 5 survivors (5120K)
 Metaspace       used 21064K, committed 21504K, reserved 1114112K
  class space    used 2399K, committed 2624K, reserved 1048576K
}
Event: 6.764 GC heap after
{Heap after GC invocations=7 (full 0):
 garbage-first heap   total 65536K, used 15788K [0x00000000c1c00000, 0x0000000100000000)
  region size 1024K, 2 young (2048K), 2 survivors (2048K)
 Metaspace       used 21064K, committed 21504K, reserved 1114112K
  class space    used 2399K, committed 2624K, reserved 1048576K
}

