# JRE version: Java(TM) SE Runtime Environment (17.0.12+8) (build 17.0.12+8-LTS-286)
# Java VM: Java HotSpot(TM) 64-Bit Server VM (17.0.12+8-LTS-286, mixed mode, sharing, tiered, compressed oops, compressed class ptrs, g1 gc, windows-amd64)
GC Precious Log:
 CPUs: 8 total, 8 available
 Memory: 3982M
 Large Page Support: Disabled
 NUMA Support: Disabled
 Compressed Oops: Enabled (32-bit)
 Heap Region Size: 1M
 Heap Min Capacity: 8M
 Heap Initial Capacity: 64M
 Heap Max Capacity: 996M
 Pre-touch: Disabled
 Parallel Workers: 8
 Concurrent Workers: 2
 Concurrent Refinement Workers: 8
 Periodic GC: Disabled
Heap:
 garbage-first heap   total 58368K, used 39129K [0x00000000c1c00000, 0x0000000100000000)
  region size 1024K, 25 young (25600K), 1 survivors (1024K)
 Metaspace       used 22469K, committed 22848K, reserved 1114112K
  class space    used 2642K, committed 2816K, reserved 1048576K
GC Heap History (16 events):
Event: 3.097 GC heap before
{Heap before GC invocations=0 (full 0):
 garbage-first heap   total 65536K, used 24576K [0x00000000c1c00000, 0x0000000100000000)
  region size 1024K, 23 young (23552K), 0 survivors (0K)
 Metaspace       used 3209K, committed 3264K, reserved 1114112K
  class space    used 303K, committed 320K, reserved 1048576K
}
Event: 3.104 GC heap after
{Heap after GC invocations=1 (full 0):
 garbage-first heap   total 65536K, used 9408K [0x00000000c1c00000, 0x0000000100000000)
  region size 1024K, 3 young (3072K), 3 survivors (3072K)
 Metaspace       used 3209K, committed 3264K, reserved 1114112K
  class space    used 303K, committed 320K, reserved 1048576K
}
Event: 5.799 GC heap before
{Heap before GC invocations=1 (full 0):
 garbage-first heap   total 65536K, used 31936K [0x00000000c1c00000, 0x0000000100000000)
  region size 1024K, 26 young (26624K), 3 survivors (3072K)
 Metaspace       used 4676K, committed 4864K, reserved 1114112K
  class space    used 418K, committed 512K, reserved 1048576K
}
Event: 5.811 GC heap after
{Heap after GC invocations=2 (full 0):
 garbage-first heap   total 65536K, used 10415K [0x00000000c1c00000, 0x0000000100000000)
  region size 1024K, 2 young (2048K), 2 survivors (2048K)
 Metaspace       used 4676K, committed 4864K, reserved 1114112K
  class space    used 418K, committed 512K, reserved 1048576K
}
Event: 8.206 GC heap before
{Heap before GC invocations=2 (full 0):
 garbage-first heap   total 65536K, used 33967K [0x00000000c1c00000, 0x0000000100000000)
  region size 1024K, 26 young (26624K), 2 survivors (2048K)
 Metaspace       used 8083K, committed 8256K, reserved 1114112K
  class space    used 799K, committed 896K, reserved 1048576K
}
Event: 8.222 GC heap after
{Heap after GC invocations=3 (full 0):
 garbage-first heap   total 65536K, used 11205K [0x00000000c1c00000, 0x0000000100000000)
  region size 1024K, 3 young (3072K), 3 survivors (3072K)
 Metaspace       used 8083K, committed 8256K, reserved 1114112K
  class space    used 799K, committed 896K, reserved 1048576K
}
Event: 9.528 GC heap before
{Heap before GC invocations=3 (full 0):
 garbage-first heap   total 65536K, used 43973K [0x00000000c1c00000, 0x0000000100000000)
  region size 1024K, 35 young (35840K), 3 survivors (3072K)
 Metaspace       used 9933K, committed 10240K, reserved 1114112K
  class space    used 1000K, committed 1152K, reserved 1048576K
}
Event: 9.541 GC heap after
{Heap after GC invocations=4 (full 0):
 garbage-first heap   total 65536K, used 11713K [0x00000000c1c00000, 0x0000000100000000)
  region size 1024K, 3 young (3072K), 3 survivors (3072K)
 Metaspace       used 9933K, committed 10240K, reserved 1114112K
  class space    used 1000K, committed 1152K, reserved 1048576K
}
Event: 12.468 GC heap before
{Heap before GC invocations=4 (full 0):
 garbage-first heap   total 65536K, used 46529K [0x00000000c1c00000, 0x0000000100000000)
  region size 1024K, 37 young (37888K), 3 survivors (3072K)
 Metaspace       used 11872K, committed 12160K, reserved 1114112K
  class space    used 1213K, committed 1344K, reserved 1048576K
}
Event: 12.482 GC heap after
{Heap after GC invocations=5 (full 0):
 garbage-first heap   total 65536K, used 11981K [0x00000000c1c00000, 0x0000000100000000)
  region size 1024K, 3 young (3072K), 3 survivors (3072K)
 Metaspace       used 11872K, committed 12160K, reserved 1114112K
  class space    used 1213K, committed 1344K, reserved 1048576K
}
Event: 15.739 GC heap before
{Heap before GC invocations=5 (full 0):
 garbage-first heap   total 65536K, used 47821K [0x00000000c1c00000, 0x0000000100000000)
  region size 1024K, 38 young (38912K), 3 survivors (3072K)
 Metaspace       used 14429K, committed 14720K, reserved 1114112K
  class space    used 1579K, committed 1728K, reserved 1048576K
}
Event: 15.747 GC heap after
{Heap after GC invocations=6 (full 0):
 garbage-first heap   total 65536K, used 12872K [0x00000000c1c00000, 0x0000000100000000)
  region size 1024K, 3 young (3072K), 3 survivors (3072K)
 Metaspace       used 14429K, committed 14720K, reserved 1114112K
  class space    used 1579K, committed 1728K, reserved 1048576K
}
Event: 17.326 GC heap before
{Heap before GC invocations=6 (full 0):
 garbage-first heap   total 65536K, used 47688K [0x00000000c1c00000, 0x0000000100000000)
  region size 1024K, 38 young (38912K), 3 survivors (3072K)
 Metaspace       used 19947K, committed 20288K, reserved 1114112K
  class space    used 2238K, committed 2368K, reserved 1048576K
}
Event: 17.334 GC heap after
{Heap after GC invocations=7 (full 0):
 garbage-first heap   total 65536K, used 15311K [0x00000000c1c00000, 0x0000000100000000)
  region size 1024K, 5 young (5120K), 5 survivors (5120K)
 Metaspace       used 19947K, committed 20288K, reserved 1114112K
  class space    used 2238K, committed 2368K, reserved 1048576K
}
Event: 28.793 GC heap before
{Heap before GC invocations=7 (full 0):
 garbage-first heap   total 65536K, used 30671K [0x00000000c1c00000, 0x0000000100000000)
  region size 1024K, 22 young (22528K), 5 survivors (5120K)
 Metaspace       used 21159K, committed 21504K, reserved 1114112K
  class space    used 2448K, committed 2624K, reserved 1048576K
}
Event: 28.854 GC heap after
{Heap after GC invocations=8 (full 0):
 garbage-first heap   total 65536K, used 15577K [0x00000000c1c00000, 0x0000000100000000)
  region size 1024K, 1 young (1024K), 1 survivors (1024K)
 Metaspace       used 21159K, committed 21504K, reserved 1114112K
  class space    used 2448K, committed 2624K, reserved 1048576K
}

