# JRE version: Java(TM) SE Runtime Environment (21.0.3+7) (build 21.0.3+7-LTS-152)
# Java VM: Java HotSpot(TM) 64-Bit Server VM (21.0.3+7-LTS-152, mixed mode, sharing, tiered, compressed oops, compressed class ptrs, g1 gc, windows-amd64)
GC Precious Log:
 CardTable entry size: 512
 Card Set container configuration: InlinePtr #cards 5 size 8 Array Of Cards #cards 12 size 40 Howl #buckets 4 coarsen threshold 1843 Howl Bitmap #cards 512 size 80 coarsen threshold 460 Card regions per heap region 1 cards per card region 2048
 CPUs: 8 total, 8 available
 Memory: 3982M
 Large Page Support: Disabled
 NUMA Support: Disabled
 Compressed Oops: Enabled (32-bit)
 Heap Region Size: 1M
 Heap Min Capacity: 8M
 Heap Initial Capacity: 64M
 Heap Max Capacity: 996M
 Pre-touch: Disabled
 Parallel Workers: 8
 Concurrent Workers: 2
 Concurrent Refinement Workers: 8
 Periodic GC: Disabled
Heap:
 garbage-first heap   total 88064K, used 68096K [0x00000000c1c00000, 0x0000000100000000)
  region size 1024K, 2 young (2048K), 2 survivors (2048K)
 Metaspace       used 30730K, committed 31168K, reserved 1114112K
  class space    used 3477K, committed 3648K, reserved 1048576K
GC Heap History (20 events):
Event: 11.982 GC heap after
{Heap after GC invocations=3 (full 0):
 garbage-first heap   total 65536K, used 10240K [0x00000000c1c00000, 0x0000000100000000)
  region size 1024K, 5 young (5120K), 5 survivors (5120K)
 Metaspace       used 15636K, committed 15808K, reserved 1114112K
  class space    used 1841K, committed 1920K, reserved 1048576K
}
Event: 13.167 GC heap before
{Heap before GC invocations=3 (full 0):
 garbage-first heap   total 65536K, used 44032K [0x00000000c1c00000, 0x0000000100000000)
  region size 1024K, 38 young (38912K), 5 survivors (5120K)
 Metaspace       used 16254K, committed 16512K, reserved 1114112K
  class space    used 1865K, committed 1984K, reserved 1048576K
}
Event: 13.182 GC heap after
{Heap after GC invocations=4 (full 0):
 garbage-first heap   total 65536K, used 14020K [0x00000000c1c00000, 0x0000000100000000)
  region size 1024K, 4 young (4096K), 4 survivors (4096K)
 Metaspace       used 16254K, committed 16512K, reserved 1114112K
  class space    used 1865K, committed 1984K, reserved 1048576K
}
Event: 14.282 GC heap before
{Heap before GC invocations=4 (full 0):
 garbage-first heap   total 65536K, used 48836K [0x00000000c1c00000, 0x0000000100000000)
  region size 1024K, 38 young (38912K), 4 survivors (4096K)
 Metaspace       used 17176K, committed 17408K, reserved 1114112K
  class space    used 1949K, committed 2048K, reserved 1048576K
}
Event: 14.294 GC heap after
{Heap after GC invocations=5 (full 0):
 garbage-first heap   total 65536K, used 16798K [0x00000000c1c00000, 0x0000000100000000)
  region size 1024K, 3 young (3072K), 3 survivors (3072K)
 Metaspace       used 17176K, committed 17408K, reserved 1114112K
  class space    used 1949K, committed 2048K, reserved 1048576K
}
Event: 15.425 GC heap before
{Heap before GC invocations=5 (full 0):
 garbage-first heap   total 65536K, used 44446K [0x00000000c1c00000, 0x0000000100000000)
  region size 1024K, 31 young (31744K), 3 survivors (3072K)
 Metaspace       used 21196K, committed 21504K, reserved 1114112K
  class space    used 2431K, committed 2560K, reserved 1048576K
}
Event: 15.436 GC heap after
{Heap after GC invocations=6 (full 0):
 garbage-first heap   total 65536K, used 18771K [0x00000000c1c00000, 0x0000000100000000)
  region size 1024K, 2 young (2048K), 2 survivors (2048K)
 Metaspace       used 21196K, committed 21504K, reserved 1114112K
  class space    used 2431K, committed 2560K, reserved 1048576K
}
Event: 16.709 GC heap before
{Heap before GC invocations=7 (full 0):
 garbage-first heap   total 65536K, used 54611K [0x00000000c1c00000, 0x0000000100000000)
  region size 1024K, 36 young (36864K), 2 survivors (2048K)
 Metaspace       used 26170K, committed 26560K, reserved 1114112K
  class space    used 2961K, committed 3136K, reserved 1048576K
}
Event: 16.736 GC heap after
{Heap after GC invocations=8 (full 0):
 garbage-first heap   total 72704K, used 35840K [0x00000000c1c00000, 0x0000000100000000)
  region size 1024K, 5 young (5120K), 5 survivors (5120K)
 Metaspace       used 26170K, committed 26560K, reserved 1114112K
  class space    used 2961K, committed 3136K, reserved 1048576K
}
Event: 16.999 GC heap before
{Heap before GC invocations=8 (full 0):
 garbage-first heap   total 72704K, used 59392K [0x00000000c1c00000, 0x0000000100000000)
  region size 1024K, 28 young (28672K), 5 survivors (5120K)
 Metaspace       used 26621K, committed 26880K, reserved 1114112K
  class space    used 3016K, committed 3136K, reserved 1048576K
}
Event: 17.011 GC heap after
{Heap after GC invocations=9 (full 0):
 garbage-first heap   total 88064K, used 41472K [0x00000000c1c00000, 0x0000000100000000)
  region size 1024K, 4 young (4096K), 4 survivors (4096K)
 Metaspace       used 26621K, committed 26880K, reserved 1114112K
  class space    used 3016K, committed 3136K, reserved 1048576K
}
Event: 17.648 GC heap before
{Heap before GC invocations=9 (full 0):
 garbage-first heap   total 88064K, used 68096K [0x00000000c1c00000, 0x0000000100000000)
  region size 1024K, 31 young (31744K), 4 survivors (4096K)
 Metaspace       used 27749K, committed 28096K, reserved 1114112K
  class space    used 3148K, committed 3328K, reserved 1048576K
}
Event: 17.665 GC heap after
{Heap after GC invocations=10 (full 0):
 garbage-first heap   total 88064K, used 45000K [0x00000000c1c00000, 0x0000000100000000)
  region size 1024K, 3 young (3072K), 3 survivors (3072K)
 Metaspace       used 27749K, committed 28096K, reserved 1114112K
  class space    used 3148K, committed 3328K, reserved 1048576K
}
Event: 18.900 GC heap before
{Heap before GC invocations=10 (full 0):
 garbage-first heap   total 88064K, used 71624K [0x00000000c1c00000, 0x0000000100000000)
  region size 1024K, 30 young (30720K), 3 survivors (3072K)
 Metaspace       used 29963K, committed 30400K, reserved 1114112K
  class space    used 3410K, committed 3584K, reserved 1048576K
}
Event: 18.913 GC heap after
{Heap after GC invocations=11 (full 0):
 garbage-first heap   total 88064K, used 46927K [0x00000000c1c00000, 0x0000000100000000)
  region size 1024K, 2 young (2048K), 2 survivors (2048K)
 Metaspace       used 29963K, committed 30400K, reserved 1114112K
  class space    used 3410K, committed 3584K, reserved 1048576K
}
Event: 19.512 GC heap before
{Heap before GC invocations=12 (full 0):
 garbage-first heap   total 88064K, used 75599K [0x00000000c1c00000, 0x0000000100000000)
  region size 1024K, 29 young (29696K), 2 survivors (2048K)
 Metaspace       used 30708K, committed 31104K, reserved 1114112K
  class space    used 3477K, committed 3648K, reserved 1048576K
}
Event: 19.525 GC heap after
{Heap after GC invocations=13 (full 0):
 garbage-first heap   total 88064K, used 56106K [0x00000000c1c00000, 0x0000000100000000)
  region size 1024K, 4 young (4096K), 4 survivors (4096K)
 Metaspace       used 30708K, committed 31104K, reserved 1114112K
  class space    used 3477K, committed 3648K, reserved 1048576K
}
Event: 19.681 GC heap before
{Heap before GC invocations=13 (full 0):
 garbage-first heap   total 88064K, used 74538K [0x00000000c1c00000, 0x0000000100000000)
  region size 1024K, 22 young (22528K), 4 survivors (4096K)
 Metaspace       used 30730K, committed 31168K, reserved 1114112K
  class space    used 3477K, committed 3648K, reserved 1048576K
}
Event: 19.692 GC heap after
{Heap after GC invocations=14 (full 0):
 garbage-first heap   total 88064K, used 62976K [0x00000000c1c00000, 0x0000000100000000)
  region size 1024K, 3 young (3072K), 3 survivors (3072K)
 Metaspace       used 30730K, committed 31168K, reserved 1114112K
  class space    used 3477K, committed 3648K, reserved 1048576K
}
Event: 19.743 GC heap before
{Heap before GC invocations=14 (full 0):
 garbage-first heap   total 88064K, used 74240K [0x00000000c1c00000, 0x0000000100000000)
  region size 1024K, 15 young (15360K), 3 survivors (3072K)
 Metaspace       used 30730K, committed 31168K, reserved 1114112K
  class space    used 3477K, committed 3648K, reserved 1048576K
}

