<?xml version="1.0" encoding="UTF-8" standalone="yes"?><!DOCTYPE report PUBLIC "-//JACOCO//DTD Report 1.1//EN" "report.dtd"><report name="UIAndAPIAutomationFramework"><sessioninfo id="DESKTOP-GJG41J3-11d4007d" start="1736867533715" dump="1736867607527"/><package name="ConfigurationUtility"><class name="ConfigurationUtility/ConfigurationManager" sourcefilename="ConfigurationManager.java"><method name="&lt;init&gt;" desc="()V" line="7"><counter type="INSTRUCTION" missed="3" covered="0"/><counter type="LINE" missed="1" covered="0"/><counter type="COMPLEXITY" missed="1" covered="0"/><counter type="METHOD" missed="1" covered="0"/></method><method name="loadConfigAndStoreInMap" desc="()V" line="18"><counter type="INSTRUCTION" missed="11" covered="35"/><counter type="BRANCH" missed="1" covered="3"/><counter type="LINE" missed="3" covered="9"/><counter type="COMPLEXITY" missed="1" covered="2"/><counter type="METHOD" missed="0" covered="1"/></method><method name="getKeyValue" desc="(LConfigurationUtility/ConfigEnumUtility;)Ljava/lang/String;" line="35"><counter type="INSTRUCTION" missed="0" covered="6"/><counter type="LINE" missed="0" covered="1"/><counter type="COMPLEXITY" missed="0" covered="1"/><counter type="METHOD" missed="0" covered="1"/></method><method name="&lt;clinit&gt;" desc="()V" line="9"><counter type="INSTRUCTION" missed="0" covered="6"/><counter type="LINE" missed="0" covered="3"/><counter type="COMPLEXITY" missed="0" covered="1"/><counter type="METHOD" missed="0" covered="1"/></method><counter type="INSTRUCTION" missed="14" covered="47"/><counter type="BRANCH" missed="1" covered="3"/><counter type="LINE" missed="4" covered="13"/><counter type="COMPLEXITY" missed="2" covered="4"/><counter type="METHOD" missed="1" covered="3"/><counter type="CLASS" missed="0" covered="1"/></class><class name="ConfigurationUtility/ConfigEnumUtility" sourcefilename="ConfigEnumUtility.java"><method name="&lt;clinit&gt;" desc="()V" line="3"><counter type="INSTRUCTION" missed="0" covered="21"/><counter type="LINE" missed="0" covered="2"/><counter type="COMPLEXITY" missed="0" covered="1"/><counter type="METHOD" missed="0" covered="1"/></method><counter type="INSTRUCTION" missed="0" covered="21"/><counter type="LINE" missed="0" covered="2"/><counter type="COMPLEXITY" missed="0" covered="1"/><counter type="METHOD" missed="0" covered="1"/><counter type="CLASS" missed="0" covered="1"/></class><sourcefile name="ConfigEnumUtility.java"><line nr="3" mi="0" ci="3" mb="0" cb="0"/><line nr="4" mi="0" ci="18" mb="0" cb="0"/><counter type="INSTRUCTION" missed="0" covered="21"/><counter type="LINE" missed="0" covered="2"/><counter type="COMPLEXITY" missed="0" covered="1"/><counter type="METHOD" missed="0" covered="1"/><counter type="CLASS" missed="0" covered="1"/></sourcefile><sourcefile name="ConfigurationManager.java"><line nr="7" mi="3" ci="0" mb="0" cb="0"/><line nr="9" mi="0" ci="4" mb="0" cb="0"/><line nr="12" mi="0" ci="1" mb="0" cb="0"/><line nr="13" mi="0" ci="1" mb="0" cb="0"/><line nr="18" mi="0" ci="5" mb="0" cb="0"/><line nr="19" mi="0" ci="2" mb="1" cb="1"/><line nr="21" mi="5" ci="0" mb="0" cb="0"/><line nr="23" mi="0" ci="4" mb="0" cb="0"/><line nr="24" mi="0" ci="3" mb="0" cb="0"/><line nr="25" mi="0" ci="11" mb="0" cb="2"/><line nr="27" mi="0" ci="7" mb="0" cb="0"/><line nr="28" mi="0" ci="1" mb="0" cb="0"/><line nr="29" mi="1" ci="0" mb="0" cb="0"/><line nr="30" mi="5" ci="0" mb="0" cb="0"/><line nr="31" mi="0" ci="1" mb="0" cb="0"/><line nr="32" mi="0" ci="1" mb="0" cb="0"/><line nr="35" mi="0" ci="6" mb="0" cb="0"/><counter type="INSTRUCTION" missed="14" covered="47"/><counter type="BRANCH" missed="1" covered="3"/><counter type="LINE" missed="4" covered="13"/><counter type="COMPLEXITY" missed="2" covered="4"/><counter type="METHOD" missed="1" covered="3"/><counter type="CLASS" missed="0" covered="1"/></sourcefile><counter type="INSTRUCTION" missed="14" covered="68"/><counter type="BRANCH" missed="1" covered="3"/><counter type="LINE" missed="4" covered="15"/><counter type="COMPLEXITY" missed="2" covered="5"/><counter type="METHOD" missed="1" covered="4"/><counter type="CLASS" missed="0" covered="2"/></package><package name="ExtentReportUtility"><class name="ExtentReportUtility/ExtentReportManager" sourcefilename="ExtentReportManager.java"><method name="getExtentReportInstance" desc="()LExtentReportUtility/ExtentReportManager;" line="21"><counter type="INSTRUCTION" missed="0" covered="8"/><counter type="BRANCH" missed="0" covered="2"/><counter type="LINE" missed="0" covered="3"/><counter type="COMPLEXITY" missed="0" covered="2"/><counter type="METHOD" missed="0" covered="1"/></method><method name="setUpExtentReport" desc="()V" line="28"><counter type="INSTRUCTION" missed="3" covered="51"/><counter type="BRANCH" missed="2" covered="2"/><counter type="LINE" missed="1" covered="12"/><counter type="COMPLEXITY" missed="2" covered="1"/><counter type="METHOD" missed="0" covered="1"/></method><method name="createTest" desc="(Ljava/lang/String;Ljava/lang/String;Ljava/lang/String;)V" line="50"><counter type="INSTRUCTION" missed="5" covered="24"/><counter type="BRANCH" missed="1" covered="1"/><counter type="LINE" missed="1" covered="4"/><counter type="COMPLEXITY" missed="1" covered="1"/><counter type="METHOD" missed="0" covered="1"/></method><method name="getCurrentTest" desc="()Lcom/aventstack/extentreports/ExtentTest;" line="58"><counter type="INSTRUCTION" missed="5" covered="8"/><counter type="BRANCH" missed="1" covered="1"/><counter type="LINE" missed="1" covered="3"/><counter type="COMPLEXITY" missed="1" covered="1"/><counter type="METHOD" missed="0" covered="1"/></method><method name="flushReports" desc="()V" line="66"><counter type="INSTRUCTION" missed="0" covered="5"/><counter type="BRANCH" missed="1" covered="1"/><counter type="LINE" missed="0" covered="3"/><counter type="COMPLEXITY" missed="1" covered="1"/><counter type="METHOD" missed="0" covered="1"/></method><method name="retriveDateAndTime" desc="()Ljava/lang/String;" line="72"><counter type="INSTRUCTION" missed="0" covered="11"/><counter type="LINE" missed="0" covered="2"/><counter type="COMPLEXITY" missed="0" covered="1"/><counter type="METHOD" missed="0" covered="1"/></method><method name="&lt;clinit&gt;" desc="()V" line="14"><counter type="INSTRUCTION" missed="0" covered="5"/><counter type="LINE" missed="0" covered="1"/><counter type="COMPLEXITY" missed="0" covered="1"/><counter type="METHOD" missed="0" covered="1"/></method><counter type="INSTRUCTION" missed="13" covered="112"/><counter type="BRANCH" missed="5" covered="7"/><counter type="LINE" missed="3" covered="28"/><counter type="COMPLEXITY" missed="5" covered="8"/><counter type="METHOD" missed="0" covered="7"/><counter type="CLASS" missed="0" covered="1"/></class><sourcefile name="ExtentReportManager.java"><line nr="14" mi="0" ci="5" mb="0" cb="0"/><line nr="21" mi="0" ci="2" mb="0" cb="2"/><line nr="22" mi="0" ci="4" mb="0" cb="0"/><line nr="24" mi="0" ci="2" mb="0" cb="0"/><line nr="28" mi="0" ci="2" mb="1" cb="1"/><line nr="30" mi="0" ci="7" mb="0" cb="0"/><line nr="31" mi="0" ci="3" mb="1" cb="1"/><line nr="32" mi="3" ci="0" mb="0" cb="0"/><line nr="36" mi="0" ci="5" mb="0" cb="0"/><line nr="37" mi="0" ci="4" mb="0" cb="0"/><line nr="38" mi="0" ci="5" mb="0" cb="0"/><line nr="39" mi="0" ci="4" mb="0" cb="0"/><line nr="40" mi="0" ci="4" mb="0" cb="0"/><line nr="43" mi="0" ci="4" mb="0" cb="0"/><line nr="44" mi="0" ci="8" mb="0" cb="0"/><line nr="45" mi="0" ci="4" mb="0" cb="0"/><line nr="47" mi="0" ci="1" mb="0" cb="0"/><line nr="50" mi="0" ci="2" mb="1" cb="1"/><line nr="51" mi="5" ci="0" mb="0" cb="0"/><line nr="53" mi="0" ci="18" mb="0" cb="0"/><line nr="54" mi="0" ci="3" mb="0" cb="0"/><line nr="55" mi="0" ci="1" mb="0" cb="0"/><line nr="58" mi="0" ci="4" mb="0" cb="0"/><line nr="59" mi="0" ci="2" mb="1" cb="1"/><line nr="60" mi="5" ci="0" mb="0" cb="0"/><line nr="62" mi="0" ci="2" mb="0" cb="0"/><line nr="66" mi="0" ci="2" mb="1" cb="1"/><line nr="67" mi="0" ci="2" mb="0" cb="0"/><line nr="69" mi="0" ci="1" mb="0" cb="0"/><line nr="72" mi="0" ci="5" mb="0" cb="0"/><line nr="73" mi="0" ci="6" mb="0" cb="0"/><counter type="INSTRUCTION" missed="13" covered="112"/><counter type="BRANCH" missed="5" covered="7"/><counter type="LINE" missed="3" covered="28"/><counter type="COMPLEXITY" missed="5" covered="8"/><counter type="METHOD" missed="0" covered="7"/><counter type="CLASS" missed="0" covered="1"/></sourcefile><counter type="INSTRUCTION" missed="13" covered="112"/><counter type="BRANCH" missed="5" covered="7"/><counter type="LINE" missed="3" covered="28"/><counter type="COMPLEXITY" missed="5" covered="8"/><counter type="METHOD" missed="0" covered="7"/><counter type="CLASS" missed="0" covered="1"/></package><package name="ActionsUtility"><class name="ActionsUtility/ActionsUtility" sourcefilename="ActionsUtility.java"><method name="&lt;init&gt;" desc="(Lorg/openqa/selenium/WebDriver;Lcom/aventstack/extentreports/ExtentTest;)V" line="31"><counter type="INSTRUCTION" missed="0" covered="27"/><counter type="LINE" missed="0" covered="7"/><counter type="COMPLEXITY" missed="0" covered="1"/><counter type="METHOD" missed="0" covered="1"/></method><method name="sendKeys_Custom" desc="(Lorg/openqa/selenium/WebElement;Ljava/lang/String;Ljava/lang/String;)V" line="42"><counter type="INSTRUCTION" missed="11" covered="37"/><counter type="LINE" missed="3" covered="7"/><counter type="COMPLEXITY" missed="0" covered="1"/><counter type="METHOD" missed="0" covered="1"/></method><method name="&lt;clinit&gt;" desc="()V" line="29"><counter type="INSTRUCTION" missed="0" covered="4"/><counter type="LINE" missed="0" covered="1"/><counter type="COMPLEXITY" missed="0" covered="1"/><counter type="METHOD" missed="0" covered="1"/></method><counter type="INSTRUCTION" missed="11" covered="68"/><counter type="LINE" missed="3" covered="15"/><counter type="COMPLEXITY" missed="0" covered="3"/><counter type="METHOD" missed="0" covered="3"/><counter type="CLASS" missed="0" covered="1"/></class><sourcefile name="ActionsUtility.java"><line nr="29" mi="0" ci="4" mb="0" cb="0"/><line nr="31" mi="0" ci="2" mb="0" cb="0"/><line nr="32" mi="0" ci="3" mb="0" cb="0"/><line nr="33" mi="0" ci="3" mb="0" cb="0"/><line nr="34" mi="0" ci="8" mb="0" cb="0"/><line nr="35" mi="0" ci="6" mb="0" cb="0"/><line nr="36" mi="0" ci="4" mb="0" cb="0"/><line nr="37" mi="0" ci="1" mb="0" cb="0"/><line nr="42" mi="0" ci="6" mb="0" cb="0"/><line nr="43" mi="0" ci="8" mb="0" cb="0"/><line nr="44" mi="0" ci="2" mb="0" cb="0"/><line nr="45" mi="0" ci="5" mb="0" cb="0"/><line nr="46" mi="0" ci="14" mb="0" cb="0"/><line nr="48" mi="1" ci="0" mb="0" cb="0"/><line nr="49" mi="3" ci="0" mb="0" cb="0"/><line nr="50" mi="7" ci="0" mb="0" cb="0"/><line nr="51" mi="0" ci="1" mb="0" cb="0"/><line nr="52" mi="0" ci="1" mb="0" cb="0"/><counter type="INSTRUCTION" missed="11" covered="68"/><counter type="LINE" missed="3" covered="15"/><counter type="COMPLEXITY" missed="0" covered="3"/><counter type="METHOD" missed="0" covered="3"/><counter type="CLASS" missed="0" covered="1"/></sourcefile><counter type="INSTRUCTION" missed="11" covered="68"/><counter type="LINE" missed="3" covered="15"/><counter type="COMPLEXITY" missed="0" covered="3"/><counter type="METHOD" missed="0" covered="3"/><counter type="CLASS" missed="0" covered="1"/></package><package name="POMOfUI"><class name="POMOfUI/AmazonPage" sourcefilename="AmazonPage.java"><method name="&lt;init&gt;" desc="(Lorg/openqa/selenium/WebDriver;Lcom/aventstack/extentreports/ExtentTest;)V" line="18"><counter type="INSTRUCTION" missed="0" covered="14"/><counter type="LINE" missed="0" covered="5"/><counter type="COMPLEXITY" missed="0" covered="1"/><counter type="METHOD" missed="0" covered="1"/></method><method name="enterProductToSearch" desc="(Ljava/lang/String;)V" line="30"><counter type="INSTRUCTION" missed="0" covered="7"/><counter type="LINE" missed="0" covered="2"/><counter type="COMPLEXITY" missed="0" covered="1"/><counter type="METHOD" missed="0" covered="1"/></method><counter type="INSTRUCTION" missed="0" covered="21"/><counter type="LINE" missed="0" covered="7"/><counter type="COMPLEXITY" missed="0" covered="2"/><counter type="METHOD" missed="0" covered="2"/><counter type="CLASS" missed="0" covered="1"/></class><sourcefile name="AmazonPage.java"><line nr="18" mi="0" ci="4" mb="0" cb="0"/><line nr="19" mi="0" ci="3" mb="0" cb="0"/><line nr="20" mi="0" ci="3" mb="0" cb="0"/><line nr="21" mi="0" ci="3" mb="0" cb="0"/><line nr="22" mi="0" ci="1" mb="0" cb="0"/><line nr="30" mi="0" ci="6" mb="0" cb="0"/><line nr="31" mi="0" ci="1" mb="0" cb="0"/><counter type="INSTRUCTION" missed="0" covered="21"/><counter type="LINE" missed="0" covered="7"/><counter type="COMPLEXITY" missed="0" covered="2"/><counter type="METHOD" missed="0" covered="2"/><counter type="CLASS" missed="0" covered="1"/></sourcefile><counter type="INSTRUCTION" missed="0" covered="21"/><counter type="LINE" missed="0" covered="7"/><counter type="COMPLEXITY" missed="0" covered="2"/><counter type="METHOD" missed="0" covered="2"/><counter type="CLASS" missed="0" covered="1"/></package><package name="ScreenshotUtility"><class name="ScreenshotUtility/ScreenshotUtility" sourcefilename="ScreenshotUtility.java"><method name="getInstance" desc="()LScreenshotUtility/ScreenshotUtility;" line="32"><counter type="INSTRUCTION" missed="0" covered="4"/><counter type="LINE" missed="0" covered="1"/><counter type="COMPLEXITY" missed="0" covered="1"/><counter type="METHOD" missed="0" covered="1"/></method><method name="takeScreenshot" desc="(Lorg/openqa/selenium/WebDriver;)Ljava/io/File;" line="38"><counter type="INSTRUCTION" missed="6" covered="45"/><counter type="BRANCH" missed="1" covered="1"/><counter type="LINE" missed="3" covered="10"/><counter type="COMPLEXITY" missed="1" covered="1"/><counter type="METHOD" missed="0" covered="1"/></method><method name="takeScreenshotWithRobot" desc="()Ljava/io/File;" line="67"><counter type="INSTRUCTION" missed="69" covered="0"/><counter type="BRANCH" missed="2" covered="0"/><counter type="LINE" missed="20" covered="0"/><counter type="COMPLEXITY" missed="2" covered="0"/><counter type="METHOD" missed="1" covered="0"/></method><method name="&lt;clinit&gt;" desc="()V" line="23"><counter type="INSTRUCTION" missed="0" covered="4"/><counter type="LINE" missed="0" covered="2"/><counter type="COMPLEXITY" missed="0" covered="1"/><counter type="METHOD" missed="0" covered="1"/></method><counter type="INSTRUCTION" missed="75" covered="53"/><counter type="BRANCH" missed="3" covered="1"/><counter type="LINE" missed="23" covered="13"/><counter type="COMPLEXITY" missed="3" covered="3"/><counter type="METHOD" missed="1" covered="3"/><counter type="CLASS" missed="0" covered="1"/></class><sourcefile name="ScreenshotUtility.java"><line nr="23" mi="0" ci="2" mb="0" cb="0"/><line nr="24" mi="0" ci="2" mb="0" cb="0"/><line nr="32" mi="0" ci="4" mb="0" cb="0"/><line nr="38" mi="0" ci="4" mb="0" cb="0"/><line nr="39" mi="0" ci="5" mb="0" cb="0"/><line nr="40" mi="0" ci="3" mb="1" cb="1"/><line nr="41" mi="3" ci="0" mb="0" cb="0"/><line nr="45" mi="0" ci="6" mb="0" cb="0"/><line nr="48" mi="0" ci="9" mb="0" cb="0"/><line nr="49" mi="0" ci="4" mb="0" cb="0"/><line nr="52" mi="0" ci="8" mb="0" cb="0"/><line nr="56" mi="0" ci="3" mb="0" cb="0"/><line nr="57" mi="1" ci="0" mb="0" cb="0"/><line nr="58" mi="2" ci="0" mb="0" cb="0"/><line nr="59" mi="0" ci="1" mb="0" cb="0"/><line nr="61" mi="0" ci="2" mb="0" cb="0"/><line nr="67" mi="4" ci="0" mb="0" cb="0"/><line nr="68" mi="5" ci="0" mb="0" cb="0"/><line nr="69" mi="3" ci="0" mb="2" cb="0"/><line nr="70" mi="3" ci="0" mb="0" cb="0"/><line nr="74" mi="2" ci="0" mb="0" cb="0"/><line nr="76" mi="4" ci="0" mb="0" cb="0"/><line nr="77" mi="1" ci="0" mb="0" cb="0"/><line nr="78" mi="2" ci="0" mb="0" cb="0"/><line nr="79" mi="1" ci="0" mb="0" cb="0"/><line nr="82" mi="3" ci="0" mb="0" cb="0"/><line nr="83" mi="5" ci="0" mb="0" cb="0"/><line nr="84" mi="4" ci="0" mb="0" cb="0"/><line nr="87" mi="9" ci="0" mb="0" cb="0"/><line nr="88" mi="4" ci="0" mb="0" cb="0"/><line nr="91" mi="8" ci="0" mb="0" cb="0"/><line nr="95" mi="5" ci="0" mb="0" cb="0"/><line nr="96" mi="1" ci="0" mb="0" cb="0"/><line nr="97" mi="2" ci="0" mb="0" cb="0"/><line nr="98" mi="1" ci="0" mb="0" cb="0"/><line nr="100" mi="2" ci="0" mb="0" cb="0"/><counter type="INSTRUCTION" missed="75" covered="53"/><counter type="BRANCH" missed="3" covered="1"/><counter type="LINE" missed="23" covered="13"/><counter type="COMPLEXITY" missed="3" covered="3"/><counter type="METHOD" missed="1" covered="3"/><counter type="CLASS" missed="0" covered="1"/></sourcefile><counter type="INSTRUCTION" missed="75" covered="53"/><counter type="BRANCH" missed="3" covered="1"/><counter type="LINE" missed="23" covered="13"/><counter type="COMPLEXITY" missed="3" covered="3"/><counter type="METHOD" missed="1" covered="3"/><counter type="CLASS" missed="0" covered="1"/></package><package name="ConstantUtility"><class name="ConstantUtility/ConstantUtility" sourcefilename="ConstantUtility.java"><method name="getExcelfilename" desc="()Ljava/lang/String;" line="10"><counter type="INSTRUCTION" missed="2" covered="0"/><counter type="LINE" missed="1" covered="0"/><counter type="COMPLEXITY" missed="1" covered="0"/><counter type="METHOD" missed="1" covered="0"/></method><method name="&lt;clinit&gt;" desc="()V" line="7"><counter type="INSTRUCTION" missed="5" covered="0"/><counter type="LINE" missed="1" covered="0"/><counter type="COMPLEXITY" missed="1" covered="0"/><counter type="METHOD" missed="1" covered="0"/></method><counter type="INSTRUCTION" missed="7" covered="0"/><counter type="LINE" missed="2" covered="0"/><counter type="COMPLEXITY" missed="2" covered="0"/><counter type="METHOD" missed="2" covered="0"/><counter type="CLASS" missed="1" covered="0"/></class><sourcefile name="ConstantUtility.java"><line nr="7" mi="5" ci="0" mb="0" cb="0"/><line nr="10" mi="2" ci="0" mb="0" cb="0"/><counter type="INSTRUCTION" missed="7" covered="0"/><counter type="LINE" missed="2" covered="0"/><counter type="COMPLEXITY" missed="2" covered="0"/><counter type="METHOD" missed="2" covered="0"/><counter type="CLASS" missed="1" covered="0"/></sourcefile><counter type="INSTRUCTION" missed="7" covered="0"/><counter type="LINE" missed="2" covered="0"/><counter type="COMPLEXITY" missed="2" covered="0"/><counter type="METHOD" missed="2" covered="0"/><counter type="CLASS" missed="1" covered="0"/></package><package name="WebDriverUtility"><class name="WebDriverUtility/DriverManager" sourcefilename="DriverManager.java"><method name="getDriverInstance" desc="()LWebDriverUtility/DriverManager;" line="22"><counter type="INSTRUCTION" missed="0" covered="8"/><counter type="BRANCH" missed="0" covered="2"/><counter type="LINE" missed="0" covered="3"/><counter type="COMPLEXITY" missed="0" covered="2"/><counter type="METHOD" missed="0" covered="1"/></method><method name="initBrowser" desc="()V" line="29"><counter type="INSTRUCTION" missed="9" covered="24"/><counter type="BRANCH" missed="3" covered="2"/><counter type="LINE" missed="3" covered="6"/><counter type="COMPLEXITY" missed="3" covered="1"/><counter type="METHOD" missed="0" covered="1"/></method><method name="quitBrowser" desc="()V" line="45"><counter type="INSTRUCTION" missed="0" covered="10"/><counter type="BRANCH" missed="1" covered="1"/><counter type="LINE" missed="0" covered="4"/><counter type="COMPLEXITY" missed="1" covered="1"/><counter type="METHOD" missed="0" covered="1"/></method><method name="getDriver" desc="()Lorg/openqa/selenium/WebDriver;" line="52"><counter type="INSTRUCTION" missed="0" covered="4"/><counter type="LINE" missed="0" covered="1"/><counter type="COMPLEXITY" missed="0" covered="1"/><counter type="METHOD" missed="0" covered="1"/></method><method name="&lt;clinit&gt;" desc="()V" line="15"><counter type="INSTRUCTION" missed="0" covered="5"/><counter type="LINE" missed="0" covered="1"/><counter type="COMPLEXITY" missed="0" covered="1"/><counter type="METHOD" missed="0" covered="1"/></method><counter type="INSTRUCTION" missed="9" covered="51"/><counter type="BRANCH" missed="4" covered="5"/><counter type="LINE" missed="3" covered="15"/><counter type="COMPLEXITY" missed="4" covered="6"/><counter type="METHOD" missed="0" covered="5"/><counter type="CLASS" missed="0" covered="1"/></class><sourcefile name="DriverManager.java"><line nr="15" mi="0" ci="5" mb="0" cb="0"/><line nr="22" mi="0" ci="2" mb="0" cb="2"/><line nr="23" mi="0" ci="4" mb="0" cb="0"/><line nr="25" mi="0" ci="2" mb="0" cb="0"/><line nr="29" mi="0" ci="3" mb="1" cb="1"/><line nr="30" mi="0" ci="9" mb="2" cb="1"/><line nr="32" mi="0" ci="5" mb="0" cb="0"/><line nr="33" mi="0" ci="1" mb="0" cb="0"/><line nr="35" mi="5" ci="0" mb="0" cb="0"/><line nr="36" mi="1" ci="0" mb="0" cb="0"/><line nr="38" mi="3" ci="0" mb="0" cb="0"/><line nr="40" mi="0" ci="5" mb="0" cb="0"/><line nr="42" mi="0" ci="1" mb="0" cb="0"/><line nr="45" mi="0" ci="4" mb="1" cb="1"/><line nr="46" mi="0" ci="3" mb="0" cb="0"/><line nr="47" mi="0" ci="2" mb="0" cb="0"/><line nr="49" mi="0" ci="1" mb="0" cb="0"/><line nr="52" mi="0" ci="4" mb="0" cb="0"/><counter type="INSTRUCTION" missed="9" covered="51"/><counter type="BRANCH" missed="4" covered="5"/><counter type="LINE" missed="3" covered="15"/><counter type="COMPLEXITY" missed="4" covered="6"/><counter type="METHOD" missed="0" covered="5"/><counter type="CLASS" missed="0" covered="1"/></sourcefile><counter type="INSTRUCTION" missed="9" covered="51"/><counter type="BRANCH" missed="4" covered="5"/><counter type="LINE" missed="3" covered="15"/><counter type="COMPLEXITY" missed="4" covered="6"/><counter type="METHOD" missed="0" covered="5"/><counter type="CLASS" missed="0" covered="1"/></package><counter type="INSTRUCTION" missed="129" covered="373"/><counter type="BRANCH" missed="13" covered="16"/><counter type="LINE" missed="38" covered="93"/><counter type="COMPLEXITY" missed="16" covered="27"/><counter type="METHOD" missed="4" covered="24"/><counter type="CLASS" missed="1" covered="7"/></report>