<?xml version="1.0" encoding="UTF-8"?>
<!-- Generated by org.testng.reporters.JUnitXMLReporter -->
<testsuite ignored="0" hostname="DESKTOP-GJG41J3" failures="0" tests="4" name="Test" time="99.563" errors="0" timestamp="2025-01-15T21:40:43 IST">
  <testcase classname="UITests.AmazonDropdown" name="AmazonDropdown1" time="68.729"/>
  <testcase classname="UITests.MvnParameterTest" name="test" time="0.006"/>
  <testcase classname="UITests.AmazonDropdown" name="AmazonDropdown2" time="83.074"/>
  <testcase classname="UITests.AmazonDropdown" name="AmazonDropdown" time="86.787"/>
</testsuite> <!-- Test -->
