<?xml version="1.0" encoding="UTF-8"?>
<!-- Generated by org.testng.reporters.JUnitXMLReporter -->
<testsuite ignored="0" hostname="DESKTOP-GJG41J3" failures="0" tests="4" name="Test" time="127.714" errors="0" timestamp="2025-01-15T20:16:42 IST">
  <testcase classname="UITests.AmazonDropdown" name="AmazonDropdown1" time="20.634"/>
  <testcase classname="UITests.AmazonDropdown" name="AmazonDropdown2" time="20.617"/>
  <testcase classname="UITests.MvnParameterTest" name="test" time="0.051"/>
  <testcase classname="UITests.AmazonDropdown" name="AmazonDropdown" time="78.566"/>
</testsuite> <!-- Test -->
