<?xml version="1.0" encoding="UTF-8"?>
<testng-results ignored="0" total="4" passed="4" failed="0" skipped="0">
  <reporter-output>
  </reporter-output>
  <suite started-at="2025-01-15T21:39:02 IST" name="Suite" finished-at="2025-01-15T21:40:42 IST" duration-ms="99563">
    <groups>
    </groups>
    <test started-at="2025-01-15T21:39:02 IST" name="Test" finished-at="2025-01-15T21:40:42 IST" duration-ms="99563">
      <class name="UITests.AmazonDropdown">
        <test-method is-config="true" signature="setUp()[pri:0, instance:UITests.AmazonDropdown@293a5bf6]" started-at="2025-01-15T21:39:03 IST" name="setUp" finished-at="2025-01-15T21:39:15 IST" duration-ms="12001" status="PASS">
          <reporter-output>
          </reporter-output>
        </test-method> <!-- setUp -->
        <test-method is-config="true" signature="setUp()[pri:0, instance:UITests.AmazonDropdown@293a5bf6]" started-at="2025-01-15T21:39:03 IST" name="setUp" finished-at="2025-01-15T21:39:15 IST" duration-ms="12055" status="PASS">
          <reporter-output>
          </reporter-output>
        </test-method> <!-- setUp -->
        <test-method is-config="true" signature="setUp()[pri:0, instance:UITests.AmazonDropdown@293a5bf6]" started-at="2025-01-15T21:39:03 IST" name="setUp" finished-at="2025-01-15T21:39:15 IST" duration-ms="12045" status="PASS">
          <reporter-output>
          </reporter-output>
        </test-method> <!-- setUp -->
        <test-method signature="AmazonDropdown1()[pri:0, instance:UITests.AmazonDropdown@293a5bf6]" started-at="2025-01-15T21:39:15 IST" name="AmazonDropdown1" finished-at="2025-01-15T21:40:24 IST" duration-ms="68729" status="PASS">
          <reporter-output>
          </reporter-output>
        </test-method> <!-- AmazonDropdown1 -->
        <test-method signature="AmazonDropdown()[pri:0, instance:UITests.AmazonDropdown@293a5bf6]" started-at="2025-01-15T21:39:15 IST" name="AmazonDropdown" description="Test case 1" finished-at="2025-01-15T21:40:42 IST" duration-ms="86787" status="PASS">
          <reporter-output>
          </reporter-output>
        </test-method> <!-- AmazonDropdown -->
        <test-method signature="AmazonDropdown2()[pri:0, instance:UITests.AmazonDropdown@293a5bf6]" started-at="2025-01-15T21:39:15 IST" name="AmazonDropdown2" finished-at="2025-01-15T21:40:38 IST" duration-ms="83074" status="PASS">
          <reporter-output>
          </reporter-output>
        </test-method> <!-- AmazonDropdown2 -->
        <test-method is-config="true" signature="tearDown()[pri:0, instance:UITests.AmazonDropdown@293a5bf6]" started-at="2025-01-15T21:40:24 IST" name="tearDown" finished-at="2025-01-15T21:40:35 IST" duration-ms="11873" status="PASS">
          <reporter-output>
          </reporter-output>
        </test-method> <!-- tearDown -->
        <test-method is-config="true" signature="tearDown()[pri:0, instance:UITests.AmazonDropdown@293a5bf6]" started-at="2025-01-15T21:40:38 IST" name="tearDown" finished-at="2025-01-15T21:40:39 IST" duration-ms="692" status="PASS">
          <reporter-output>
          </reporter-output>
        </test-method> <!-- tearDown -->
        <test-method is-config="true" signature="tearDown()[pri:0, instance:UITests.AmazonDropdown@293a5bf6]" started-at="2025-01-15T21:40:42 IST" name="tearDown" finished-at="2025-01-15T21:40:42 IST" duration-ms="356" status="PASS">
          <reporter-output>
          </reporter-output>
        </test-method> <!-- tearDown -->
      </class> <!-- UITests.AmazonDropdown -->
      <class name="UITests.MvnParameterTest">
        <test-method signature="test()[pri:0, instance:UITests.MvnParameterTest@6aeb35e6]" started-at="2025-01-15T21:40:35 IST" name="test" finished-at="2025-01-15T21:40:35 IST" duration-ms="6" status="PASS">
          <reporter-output>
          </reporter-output>
        </test-method> <!-- test -->
      </class> <!-- UITests.MvnParameterTest -->
    </test> <!-- Test -->
  </suite> <!-- Suite -->
</testng-results>
