<?xml version="1.0" encoding="UTF-8"?>
<testsuite xmlns:xsi="http://www.w3.org/2001/XMLSchema-instance" xsi:noNamespaceSchemaLocation="https://maven.apache.org/surefire/maven-surefire-plugin/xsd/surefire-test-report.xsd" version="3.0.2" name="TestSuite" time="101.72" tests="4" errors="0" skipped="0" failures="0">
  <properties>
[...]
</properties>
  <testcase name="AmazonDropdown1" classname="UITests.AmazonDropdown" time="69.513">
    <system-out><![CDATA[Test Suite Started Test
Report Path: C:\UIAndAPIFramework\UIAndAPIAutomationFramework\test-output\ExtentReports/ExtentReport_2025-01-15_21-39-02.html
Thread ID at setUp: 25
Thread ID at setUp: 23
Thread ID at setUp: 24
Test Started AmazonDropdown1
Test Started AmazonDropdown
Test Started AmazonDropdown2
2025-01-15 21:39:53 [TestNG-test-Test-3] INFO  ActionsUtility.ActionsUtility - Value: Lipstick has been sent to the field Search Box
2025-01-15 21:39:53 [TestNG-test-Test-1] INFO  ActionsUtility.ActionsUtility - Value: Iphone has been sent to the field Search Box
2025-01-15 21:39:53 [TestNG-test-Test-2] INFO  ActionsUtility.ActionsUtility - Value: Silppers has been sent to the field Search Box
]]></system-out>
    <system-err><![CDATA[[TestNG-test-Test-2] INFO io.github.bonigarcia.wdm.WebDriverManager - Using chromedriver 131.0.6778.264 (resolved driver for Chrome 131)
[TestNG-test-Test-3] INFO io.github.bonigarcia.wdm.WebDriverManager - Using chromedriver 131.0.6778.264 (resolved driver for Chrome 131)
[TestNG-test-Test-1] INFO io.github.bonigarcia.wdm.WebDriverManager - Using chromedriver 131.0.6778.264 (resolved driver for Chrome 131)
[TestNG-test-Test-2] INFO io.github.bonigarcia.wdm.WebDriverManager - Exporting webdriver.chrome.driver as C:\Users\Nikshepa\.cache\selenium\chromedriver\win64\131.0.6778.264\chromedriver.exe
[TestNG-test-Test-3] INFO io.github.bonigarcia.wdm.WebDriverManager - Exporting webdriver.chrome.driver as C:\Users\Nikshepa\.cache\selenium\chromedriver\win64\131.0.6778.264\chromedriver.exe
[TestNG-test-Test-1] INFO io.github.bonigarcia.wdm.WebDriverManager - Exporting webdriver.chrome.driver as C:\Users\Nikshepa\.cache\selenium\chromedriver\win64\131.0.6778.264\chromedriver.exe
]]></system-err>
  </testcase>
  <testcase name="AmazonDropdown2" classname="UITests.AmazonDropdown" time="2.419"/>
  <testcase name="AmazonDropdown" classname="UITests.AmazonDropdown" time="6.127">
    <system-out><![CDATA[Thread ID at TearDown: 25
]]></system-out>
  </testcase>
  <testcase name="test" classname="UITests.MvnParameterTest" time="0.01">
    <system-out><![CDATA[Thread ID at TearDown: 24
Test Started test
Username: null
Username: null
]]></system-out>
  </testcase>
</testsuite>