<?xml version="1.0" encoding="UTF-8"?>
<testng-results ignored="0" total="4" passed="4" failed="0" skipped="0">
  <reporter-output>
  </reporter-output>
  <suite started-at="2025-01-15T20:14:33 IST" name="Suite" finished-at="2025-01-15T20:16:41 IST" duration-ms="127714">
    <groups>
    </groups>
    <test started-at="2025-01-15T20:14:33 IST" name="Test" finished-at="2025-01-15T20:16:41 IST" duration-ms="127714">
      <class name="UITests.AmazonDropdown">
        <test-method is-config="true" signature="setUp()[pri:0, instance:UITests.AmazonDropdown@293a5bf6]" started-at="2025-01-15T20:14:34 IST" name="setUp" finished-at="2025-01-15T20:15:18 IST" duration-ms="44169" status="PASS">
          <reporter-output>
          </reporter-output>
        </test-method> <!-- setUp -->
        <test-method is-config="true" signature="setUp()[pri:0, instance:UITests.AmazonDropdown@293a5bf6]" started-at="2025-01-15T20:14:34 IST" name="setUp" finished-at="2025-01-15T20:15:18 IST" duration-ms="44141" status="PASS">
          <reporter-output>
          </reporter-output>
        </test-method> <!-- setUp -->
        <test-method is-config="true" signature="setUp()[pri:0, instance:UITests.AmazonDropdown@293a5bf6]" started-at="2025-01-15T20:14:34 IST" name="setUp" finished-at="2025-01-15T20:15:18 IST" duration-ms="44161" status="PASS">
          <reporter-output>
          </reporter-output>
        </test-method> <!-- setUp -->
        <test-method signature="AmazonDropdown1()[pri:0, instance:UITests.AmazonDropdown@293a5bf6]" started-at="2025-01-15T20:15:18 IST" name="AmazonDropdown1" finished-at="2025-01-15T20:15:38 IST" duration-ms="20634" status="PASS">
          <reporter-output>
          </reporter-output>
        </test-method> <!-- AmazonDropdown1 -->
        <test-method signature="AmazonDropdown()[pri:0, instance:UITests.AmazonDropdown@293a5bf6]" started-at="2025-01-15T20:15:18 IST" name="AmazonDropdown" description="Test case 1" finished-at="2025-01-15T20:16:36 IST" duration-ms="78566" status="PASS">
          <reporter-output>
          </reporter-output>
        </test-method> <!-- AmazonDropdown -->
        <test-method signature="AmazonDropdown2()[pri:0, instance:UITests.AmazonDropdown@293a5bf6]" started-at="2025-01-15T20:15:18 IST" name="AmazonDropdown2" finished-at="2025-01-15T20:15:38 IST" duration-ms="20617" status="PASS">
          <reporter-output>
          </reporter-output>
        </test-method> <!-- AmazonDropdown2 -->
        <test-method is-config="true" signature="tearDown()[pri:0, instance:UITests.AmazonDropdown@293a5bf6]" started-at="2025-01-15T20:15:38 IST" name="tearDown" finished-at="2025-01-15T20:16:18 IST" duration-ms="39977" status="PASS">
          <reporter-output>
          </reporter-output>
        </test-method> <!-- tearDown -->
        <test-method is-config="true" signature="tearDown()[pri:0, instance:UITests.AmazonDropdown@293a5bf6]" started-at="2025-01-15T20:15:38 IST" name="tearDown" finished-at="2025-01-15T20:16:18 IST" duration-ms="39976" status="PASS">
          <reporter-output>
          </reporter-output>
        </test-method> <!-- tearDown -->
        <test-method is-config="true" signature="tearDown()[pri:0, instance:UITests.AmazonDropdown@293a5bf6]" started-at="2025-01-15T20:16:36 IST" name="tearDown" finished-at="2025-01-15T20:16:41 IST" duration-ms="4562" status="PASS">
          <reporter-output>
          </reporter-output>
        </test-method> <!-- tearDown -->
      </class> <!-- UITests.AmazonDropdown -->
      <class name="UITests.MvnParameterTest">
        <test-method signature="test()[pri:0, instance:UITests.MvnParameterTest@6aeb35e6]" started-at="2025-01-15T20:16:18 IST" name="test" finished-at="2025-01-15T20:16:19 IST" duration-ms="51" status="PASS">
          <reporter-output>
          </reporter-output>
        </test-method> <!-- test -->
      </class> <!-- UITests.MvnParameterTest -->
    </test> <!-- Test -->
  </suite> <!-- Suite -->
</testng-results>
