<?xml version="1.0" encoding="UTF-8"?>
<testng-results ignored="0" total="1" passed="1" failed="0" skipped="0">
  <reporter-output>
  </reporter-output>
  <suite started-at="2025-01-14T18:48:25 IST" name="Default suite" finished-at="2025-01-14T18:48:25 IST" duration-ms="122">
    <groups>
    </groups>
    <test started-at="2025-01-14T18:48:25 IST" name="Default test" finished-at="2025-01-14T18:48:25 IST" duration-ms="122">
      <class name="CorrpFilecheck">
        <test-method signature="test123()[pri:0, instance:CorrpFilecheck@702657cc]" started-at="2025-01-14T18:48:25 IST" name="test123" finished-at="2025-01-14T18:48:25 IST" duration-ms="22" status="PASS">
          <reporter-output>
          </reporter-output>
        </test-method> <!-- test123 -->
      </class> <!-- CorrpFilecheck -->
    </test> <!-- Default test -->
  </suite> <!-- Default suite -->
</testng-results>
